<?xml version="1.0" encoding="UTF-8"?>
<!-- Generated by org.testng.reporters.JUnitXMLReporter -->
<testsuite hostname="DC4-QVM-TMQA-08" ignored="0" name="Default test" tests="6" failures="0" timestamp="08 Sep 2018 05:37:27 GMT" time="0.11" errors="0">
  <testcase name="@BeforeTest setUp" time="0.0" classname="generic.BaseTest">
    <failure type="org.testng.TestNGException" message="
Parameter &amp;apos;browser&amp;apos; is required by BeforeTest on method setUp but has not been marked @Optional or defined
in C:\Users\TMQaschedtask-s\AppData\Local\Temp\4\testng-eclipse--2092664175\testng-customsuite.xml">
      <![CDATA[org.testng.TestNGException: 
Parameter 'browser' is required by BeforeTest on method setUp but has not been marked @Optional or defined
in C:\Users\TMQaschedtask-s\AppData\Local\Temp\4\testng-eclipse--2092664175\testng-customsuite.xml
at org.testng.internal.Parameters.createParams(Parameters.java:290)
at org.testng.internal.Parameters.createParametersForMethod(Parameters.java:359)
at org.testng.internal.Parameters.createParameters(Parameters.java:620)
at org.testng.internal.Parameters.createConfigurationParameters(Parameters.java:190)
at org.testng.internal.Invoker.invokeConfigurations(Invoker.java:209)
at org.testng.internal.Invoker.invokeConfigurations(Invoker.java:142)
at org.testng.TestRunner.beforeRun(TestRunner.java:529)
at org.testng.TestRunner.run(TestRunner.java:497)
at org.testng.SuiteRunner.runTest(SuiteRunner.java:455)
at org.testng.SuiteRunner.runSequentially(SuiteRunner.java:450)
at org.testng.SuiteRunner.privateRun(SuiteRunner.java:415)
at org.testng.SuiteRunner.run(SuiteRunner.java:364)
at org.testng.SuiteRunnerWorker.runSuite(SuiteRunnerWorker.java:52)
at org.testng.SuiteRunnerWorker.run(SuiteRunnerWorker.java:84)
at org.testng.TestNG.runSuitesSequentially(TestNG.java:1208)
at org.testng.TestNG.runSuitesLocally(TestNG.java:1137)
at org.testng.TestNG.runSuites(TestNG.java:1049)
at org.testng.TestNG.run(TestNG.java:1017)
at org.testng.remote.AbstractRemoteTestNG.run(AbstractRemoteTestNG.java:114)
at org.testng.remote.RemoteTestNG.initAndRun(RemoteTestNG.java:251)
at org.testng.remote.RemoteTestNG.main(RemoteTestNG.java:77)
]]>
    </failure>
  </testcase> <!-- @BeforeTest setUp -->
  <testcase name="@AfterTest postCondition" time="0.0" classname="generic.BaseTest">
    <skipped/>
  </testcase> <!-- @AfterTest postCondition -->
  <testcase name="testGooglePageTitleInFirefox" time="0.0" classname="com.pulse.Test.ValidLogin3">
    <skipped/>
  </testcase> <!-- testGooglePageTitleInFirefox -->
  <testcase name="testGooglePageTitleInFirefox1" time="0.0" classname="com.pulse.Test.ValidLogin3">
    <skipped/>
  </testcase> <!-- testGooglePageTitleInFirefox1 -->
  <testcase name="testGooglePageTitleInFirefox2" time="0.0" classname="com.pulse.Test.ValidLogin3">
    <skipped/>
  </testcase> <!-- testGooglePageTitleInFirefox2 -->
  <testcase name="testGooglePageTitleInFirefox3" time="0.0" classname="com.pulse.Test.ValidLogin3">
    <skipped/>
  </testcase> <!-- testGooglePageTitleInFirefox3 -->
  <testcase name="testSearchGoogle" time="0.0" classname="com.pulse.Test.ValidLogin3">
    <skipped/>
  </testcase> <!-- testSearchGoogle -->
  <testcase name="testSearchGoogle1" time="0.0" classname="com.pulse.Test.ValidLogin3">
    <skipped/>
  </testcase> <!-- testSearchGoogle1 -->
</testsuite> <!-- Default test -->
