<?xml version="1.0" encoding="UTF-8"?>
<!-- Generated by org.testng.reporters.JUnitXMLReporter -->
<testsuite hostname="DC4-QVM-TMQA-08" name="ExtentWithParallelClasses(failed)" tests="1" failures="1" timestamp="7 Feb 2019 10:59:18 GMT" time="19.189" errors="0">
  <testcase name="TC2" time="11.411" classname="com.pulse.Test.ValidLogin">
    <failure type="java.lang.AssertionError" message="expected [Facebook - Log In or Sign Up1] but found [Facebook - Log In or Sign Up]">
      <![CDATA[java.lang.AssertionError: expected [Facebook - Log In or Sign Up1] but found [Facebook - Log In or Sign Up]
	at com.pulse.Test.ValidLogin.TC2(ValidLogin.java:120)
	at java.util.concurrent.FutureTask.run(Unknown Source)
	at java.util.concurrent.ThreadPoolExecutor.runWorker(Unknown Source)
	at java.util.concurrent.ThreadPoolExecutor$Worker.run(Unknown Source)
	at java.lang.Thread.run(Unknown Source)
... Removed 21 stack frames]]>
    </failure>
  </testcase> <!-- TC2 -->
</testsuite> <!-- ExtentWithParallelClasses(failed) -->
