<?xml version="1.0" encoding="UTF-8"?>
<!-- Generated by org.testng.reporters.JUnitXMLReporter -->
<testsuite hostname="DESKTOP-IA0DLJF" ignored="3" name="TestChrome" tests="4" failures="1" timestamp="30 Jun 2019 14:26:36 GMT" time="462.882" errors="0">
  <testcase name="TC1" time="39.983" classname="test.java.com.pulse.Test.ValidLogin1"/>
  <testcase name="TC2" time="32.099" classname="test.java.com.pulse.Test.ValidLogin1">
    <failure type="java.lang.AssertionError" message="expected [Google] but found [www.google.com]">
      <![CDATA[java.lang.AssertionError: expected [Google] but found [www.google.com]
at test.java.com.pulse.Test.ValidLogin1.TC2(ValidLogin1.java:132)
at java.util.concurrent.FutureTask.run(Unknown Source)
at java.util.concurrent.ThreadPoolExecutor.runWorker(Unknown Source)
at java.util.concurrent.ThreadPoolExecutor$Worker.run(Unknown Source)
at java.lang.Thread.run(Unknown Source)
... Removed 22 stack frames]]>
    </failure>
  </testcase> <!-- TC2 -->
  <testcase name="TC3" time="72.043" classname="test.java.com.pulse.Test.ValidLogin2"/>
  <testcase name="TC4" time="77.946" classname="test.java.com.pulse.Test.ValidLogin2"/>
  <testcase name="@AfterSuite testDown" time="0.0" classname="generic.BaseTest">
    <ignored/>
  </testcase> <!-- @AfterSuite testDown -->
  <testcase name="@BeforeSuite beforeSuite" time="0.0" classname="generic.BaseTest">
    <ignored/>
  </testcase> <!-- @BeforeSuite beforeSuite -->
  <testcase name="@BeforeTest beforeTest" time="0.0" classname="generic.BaseTest">
    <ignored/>
  </testcase> <!-- @BeforeTest beforeTest -->
</testsuite> <!-- TestChrome -->
